\BOOKMARK [0][-]{chapter.1}{\376\377\000I\000n\000t\000r\000o\000d\000u\000c\000t\000i\000o\000n}{}% 1
\BOOKMARK [0][-]{chapter.2}{\376\377\000I\000n\000s\000t\000a\000l\000l\000a\000t\000i\000o\000n}{}% 2
\BOOKMARK [0][-]{chapter.3}{\376\377\000A\000P\000I}{}% 3
\BOOKMARK [1][-]{section.3.1}{\376\377\000A\000t\000o\000m\000i\000c\000\040\000w\000e\000i\000g\000h\000t\000s}{chapter.3}% 4
\BOOKMARK [1][-]{section.3.2}{\376\377\000E\000l\000e\000m\000e\000n\000t\000\040\000d\000e\000n\000s\000i\000t\000i\000e\000s}{chapter.3}% 5
\BOOKMARK [1][-]{section.3.3}{\376\377\000C\000r\000o\000s\000s\000-\000s\000e\000c\000t\000i\000o\000n\000s}{chapter.3}% 6
\BOOKMARK [1][-]{section.3.4}{\376\377\000U\000n\000p\000o\000l\000a\000r\000i\000z\000e\000d\000\040\000d\000i\000f\000f\000e\000r\000e\000n\000t\000i\000a\000l\000\040\000s\000c\000a\000t\000t\000e\000r\000i\000n\000g\000\040\000c\000r\000o\000s\000s\000-\000s\000e\000c\000t\000i\000o\000n\000s}{chapter.3}% 7
\BOOKMARK [1][-]{section.3.5}{\376\377\000P\000o\000l\000a\000r\000i\000z\000e\000d\000\040\000d\000i\000f\000f\000e\000r\000e\000n\000t\000i\000a\000l\000\040\000s\000c\000a\000t\000t\000e\000r\000i\000n\000g\000\040\000c\000r\000o\000s\000s\000-\000s\000e\000c\000t\000i\000o\000n\000s}{chapter.3}% 8
\BOOKMARK [1][-]{section.3.6}{\376\377\000S\000c\000a\000t\000t\000e\000r\000i\000n\000g\000\040\000f\000a\000c\000t\000o\000r\000s}{chapter.3}% 9
\BOOKMARK [1][-]{section.3.7}{\376\377\000X\000-\000r\000a\000y\000\040\000f\000l\000u\000o\000r\000e\000s\000c\000e\000n\000c\000e\000\040\000l\000i\000n\000e\000\040\000e\000n\000e\000r\000g\000i\000e\000s}{chapter.3}% 10
\BOOKMARK [2][-]{subsection.3.7.1}{\376\377\000N\000o\000t\000\040\000y\000e\000t\000\040\000i\000m\000p\000l\000e\000m\000e\000n\000t\000e\000d\000!}{section.3.7}% 11
\BOOKMARK [1][-]{section.3.8}{\376\377\000X\000-\000r\000a\000y\000\040\000f\000l\000u\000o\000r\000e\000s\000c\000e\000n\000c\000e\000\040\000y\000i\000e\000l\000d\000s}{chapter.3}% 12
\BOOKMARK [1][-]{section.3.9}{\376\377\000A\000u\000g\000e\000r\000\040\000y\000i\000e\000l\000d\000s}{chapter.3}% 13
\BOOKMARK [1][-]{section.3.10}{\376\377\000C\000o\000s\000t\000e\000r\000-\000K\000r\000o\000n\000i\000g\000\040\000t\000r\000a\000n\000s\000i\000t\000i\000o\000n\000\040\000p\000r\000o\000b\000a\000b\000i\000l\000i\000t\000i\000e\000s}{chapter.3}% 14
\BOOKMARK [1][-]{section.3.11}{\376\377\000A\000b\000s\000o\000r\000p\000t\000i\000o\000n\000\040\000e\000d\000g\000e\000\040\000e\000n\000e\000r\000g\000i\000e\000s}{chapter.3}% 15
\BOOKMARK [1][-]{section.3.12}{\376\377\000J\000u\000m\000p\000\040\000f\000a\000c\000t\000o\000r\000s}{chapter.3}% 16
\BOOKMARK [1][-]{section.3.13}{\376\377\000X\000-\000r\000a\000y\000\040\000f\000l\000u\000o\000r\000e\000s\000c\000e\000n\000c\000e\000\040\000c\000r\000o\000s\000s\000-\000s\000e\000c\000t\000i\000o\000n\000s}{chapter.3}% 17
\BOOKMARK [2][-]{subsection.3.13.1}{\376\377\000N\000o\000t\000\040\000y\000e\000t\000\040\000i\000m\000p\000l\000e\000m\000e\000n\000t\000e\000d\000!}{section.3.13}% 18
\BOOKMARK [1][-]{section.3.14}{\376\377\000R\000a\000d\000i\000a\000t\000i\000v\000e\000\040\000r\000a\000t\000e\000s}{chapter.3}% 19
\BOOKMARK [1][-]{section.3.15}{\376\377\000N\000o\000n\000-\000r\000a\000d\000i\000a\000t\000i\000v\000e\000\040\000r\000a\000t\000e\000s}{chapter.3}% 20
\BOOKMARK [1][-]{section.3.16}{\376\377\000A\000t\000o\000m\000i\000c\000\040\000l\000e\000v\000e\000l\000\040\000w\000i\000d\000t\000h\000s}{chapter.3}% 21
\BOOKMARK [1][-]{section.3.17}{\376\377\000C\000o\000m\000p\000t\000o\000n\000\040\000e\000n\000e\000r\000g\000y}{chapter.3}% 22
\BOOKMARK [1][-]{section.3.18}{\376\377\000R\000e\000f\000r\000a\000c\000t\000i\000v\000e\000\040\000i\000n\000d\000i\000c\000e\000s}{chapter.3}% 23
\BOOKMARK [1][-]{section.3.19}{\376\377\000C\000o\000m\000p\000t\000o\000n\000\040\000p\000r\000o\000f\000i\000l\000e\000s}{chapter.3}% 24
\BOOKMARK [2][-]{subsection.3.19.1}{\376\377\000N\000o\000t\000\040\000y\000e\000t\000\040\000i\000m\000p\000l\000e\000m\000e\000n\000t\000e\000d\000!}{section.3.19}% 25
\BOOKMARK [1][-]{section.3.20}{\376\377\000E\000l\000e\000c\000t\000r\000o\000n\000i\000c\000\040\000c\000o\000n\000f\000i\000g\000u\000r\000a\000t\000i\000o\000n\000s}{chapter.3}% 26
\BOOKMARK [2][-]{subsection.3.20.1}{\376\377\000N\000o\000t\000\040\000y\000e\000t\000\040\000i\000m\000p\000l\000e\000m\000e\000n\000t\000e\000d\000!}{section.3.20}% 27
\BOOKMARK [1][-]{section.3.21}{\376\377\000C\000r\000y\000s\000t\000a\000l\000\040\000d\000i\000f\000f\000r\000a\000c\000t\000i\000o\000n}{chapter.3}% 28
\BOOKMARK [2][-]{subsection.3.21.1}{\376\377\000N\000o\000t\000\040\000y\000e\000t\000\040\000i\000m\000p\000l\000e\000m\000e\000n\000t\000e\000d\000!}{section.3.21}% 29
\BOOKMARK [1][-]{section.3.22}{\376\377\000C\000o\000m\000p\000o\000u\000n\000d\000\040\000p\000a\000r\000s\000e\000r}{chapter.3}% 30
\BOOKMARK [2][-]{subsection.3.22.1}{\376\377\000C\000o\000m\000p\000o\000u\000n\000d\000P\000a\000r\000s\000e\000r}{section.3.22}% 31
\BOOKMARK [2][-]{subsection.3.22.2}{\376\377\000A\000t\000o\000m\000i\000c\000N\000u\000m\000b\000e\000r\000T\000o\000S\000y\000m\000b\000o\000l}{section.3.22}% 32
\BOOKMARK [1][-]{section.3.23}{\376\377\000N\000I\000S\000T\000\040\000c\000o\000m\000p\000o\000u\000n\000d\000\040\000c\000a\000t\000a\000l\000o\000g\000u\000e}{chapter.3}% 33
\BOOKMARK [2][-]{subsection.3.23.1}{\376\377\000G\000e\000t\000C\000o\000m\000p\000o\000u\000n\000d\000D\000a\000t\000a\000N\000I\000S\000T\000B\000y\000N\000a\000m\000e}{section.3.23}% 34
\BOOKMARK [1][-]{section.3.24}{\376\377\000R\000a\000d\000i\000o\000n\000u\000c\000l\000i\000d\000e\000s}{chapter.3}% 35
\BOOKMARK [2][-]{subsection.3.24.1}{\376\377\000G\000e\000t\000R\000a\000d\000i\000o\000N\000u\000c\000l\000i\000d\000e\000D\000a\000t\000a\000B\000y\000N\000a\000m\000e}{section.3.24}% 36
\BOOKMARK [2][-]{subsection.3.24.2}{\376\377\000G\000e\000t\000R\000a\000d\000i\000o\000N\000u\000c\000l\000i\000d\000e\000D\000a\000t\000a\000B\000y\000I\000n\000d\000e\000x}{section.3.24}% 37
\BOOKMARK [2][-]{subsection.3.24.3}{\376\377\000G\000e\000t\000R\000a\000d\000i\000o\000N\000u\000c\000l\000i\000d\000e\000D\000a\000t\000a\000L\000i\000s\000t}{section.3.24}% 38
\BOOKMARK [1][-]{section.3.25}{\376\377\000C\000o\000n\000s\000t\000a\000n\000t\000s}{chapter.3}% 39
\BOOKMARK [0][-]{section*.92}{\376\377\000I\000n\000d\000e\000x}{}% 40
